TN:
SF:/Users/darkomladenovski/Desktop/2024_Analysis_18-knights-of-rendlion-board-game/tinyxml2/tinyxml2.cpp
FNL:0,84,92
FNA:0,0,_ZL15TIXML_VSCPRINTFPKcPc
FNL:1,145,148
FNA:1,438051,_ZN8tinyxml27StrPairD1Ev
FNA:1,438051,_ZN8tinyxml27StrPairD2Ev
FNL:2,151,173
FNA:2,57307,_ZN8tinyxml27StrPair10TransferToEPS0_
FNL:3,176,184
FNA:3,714839,_ZN8tinyxml27StrPair5ResetEv
FNL:4,187,197
FNA:4,154,_ZN8tinyxml27StrPair6SetStrEPKci
FNL:5,200,222
FNA:5,102088,_ZN8tinyxml27StrPair9ParseTextEPcPKciPi
FNL:6,225,242
FNA:6,116833,_ZN8tinyxml27StrPair9ParseNameEPc
FNL:7,245,271
FNA:7,3,_ZN8tinyxml27StrPair18CollapseWhitespaceEv
FNL:8,274,371
FNA:8,121916,_ZN8tinyxml27StrPair6GetStrEv
FNL:9,382,389
FNA:9,2,_ZN8tinyxml27XMLUtil20SetBoolSerializationEPKcS2_
FNL:10,392,406
FNA:10,167,_ZN8tinyxml27XMLUtil7ReadBOMEPKcPb
FNL:11,410,460
FNA:11,10,_ZN8tinyxml27XMLUtil18ConvertUTF32ToUTF8EmPcPi
FNL:12,463,552
FNA:12,19,_ZN8tinyxml27XMLUtil15GetCharacterRefEPKcPcPi
FNL:13,554,557
FNA:13,72,_ZN8tinyxml27XMLUtil5ToStrEiPci
FNL:14,560,563
FNA:14,18,_ZN8tinyxml27XMLUtil5ToStrEjPci
FNL:15,566,569
FNA:15,7,_ZN8tinyxml27XMLUtil5ToStrEbPci
FNL:16,575,578
FNA:16,18,_ZN8tinyxml27XMLUtil5ToStrEfPci
FNL:17,581,584
FNA:17,28,_ZN8tinyxml27XMLUtil5ToStrEdPci
FNL:18,587,591
FNA:18,20,_ZN8tinyxml27XMLUtil5ToStrExPci
FNL:19,593,597
FNA:19,16,_ZN8tinyxml27XMLUtil5ToStrEyPci
FNL:20,599,614
FNA:20,31,_ZN8tinyxml27XMLUtil5ToIntEPKcPi
FNL:21,616,622
FNA:21,8,_ZN8tinyxml27XMLUtil10ToUnsignedEPKcPj
FNL:22,624,647
FNA:22,15,_ZN8tinyxml27XMLUtil6ToBoolEPKcPb
FNL:23,650,656
FNA:23,6,_ZN8tinyxml27XMLUtil7ToFloatEPKcPf
FNL:24,659,665
FNA:24,15,_ZN8tinyxml27XMLUtil8ToDoubleEPKcPd
FNL:25,668,685
FNA:25,8,_ZN8tinyxml27XMLUtil7ToInt64EPKcPx
FNL:26,688,695
FNA:26,6,_ZN8tinyxml27XMLUtil12ToUnsigned64EPKcPy
FNL:27,698,775
FNA:27,218716,_ZN8tinyxml211XMLDocument8IdentifyEPcPPNS_7XMLNodeEb
FNL:28,778,788
FNA:28,56,_ZNK8tinyxml211XMLDocument6AcceptEPNS_10XMLVisitorE
FNL:29,794,804
FNA:29,218909,_ZN8tinyxml27XMLNodeC2EPNS_11XMLDocumentE
FNL:30,807,823
FNA:30,0,_ZN8tinyxml27XMLNodeD0Ev
FNA:30,0,_ZN8tinyxml27XMLNodeD1Ev
FNA:30,218909,_ZN8tinyxml27XMLNodeD2Ev
FNL:31,827,837
FNA:31,2,_ZNK8tinyxml27XMLNode17ChildElementCountEPKc
FNL:32,840,850
FNA:32,1,_ZNK8tinyxml27XMLNode17ChildElementCountEv
FNL:33,853,859
FNA:33,64014,_ZNK8tinyxml27XMLNode5ValueEv
FNL:34,861,869
FNA:34,59,_ZN8tinyxml27XMLNode8SetValueEPKcb
FNL:35,871,882
FNA:35,14,_ZNK8tinyxml27XMLNode9DeepCloneEPNS_11XMLDocumentE
FNL:36,884,891
FNA:36,401,_ZN8tinyxml27XMLNode14DeleteChildrenEv
FNL:37,894,915
FNA:37,53203,_ZN8tinyxml27XMLNode6UnlinkEPS0_
FNL:38,918,928
FNA:38,53199,_ZN8tinyxml27XMLNode11DeleteChildEPS0_
FNL:39,931,958
FNA:39,159363,_ZN8tinyxml27XMLNode14InsertEndChildEPS0_
FNL:40,961,989
FNA:40,14,_ZN8tinyxml27XMLNode16InsertFirstChildEPS0_
FNL:41,992,1025
FNA:41,12,_ZN8tinyxml27XMLNode16InsertAfterChildEPS0_S1_
FNL:42,1030,1039
FNA:42,187,_ZNK8tinyxml27XMLNode17FirstChildElementEPKc
FNL:43,1042,1051
FNA:43,10,_ZNK8tinyxml27XMLNode16LastChildElementEPKc
FNL:44,1054,1063
FNA:44,20,_ZNK8tinyxml27XMLNode18NextSiblingElementEPKc
FNL:45,1066,1075
FNA:45,2,_ZNK8tinyxml27XMLNode22PreviousSiblingElementEPKc
FNL:46,1078,1192
FNA:46,59488,_ZN8tinyxml27XMLNode9ParseDeepEPcPNS_7StrPairEPi
FNL:47,1194,1207
FNA:47,218734,_ZN8tinyxml27XMLNode10DeleteNodeEPS0_
FNL:48,1209,1221
FNA:48,159381,_ZNK8tinyxml27XMLNode19InsertChildPreambleEPS0_
FNL:49,1223,1236
FNA:49,322,_ZNK8tinyxml27XMLNode17ToElementWithNameEPKc
FNL:50,1239,1263
FNA:50,48920,_ZN8tinyxml27XMLText9ParseDeepEPcPNS_7StrPairEPi
FNL:51,1266,1273
FNA:51,3,_ZNK8tinyxml27XMLText12ShallowCloneEPNS_11XMLDocumentE
FNL:52,1277,1281
FNA:52,0,_ZNK8tinyxml27XMLText12ShallowEqualEPKNS_7XMLNodeE
FNL:53,1285,1288
FNA:53,2895,_ZNK8tinyxml27XMLText6AcceptEPNS_10XMLVisitorE
FNL:54,1294,1296
FNA:54,25,_ZN8tinyxml210XMLCommentC1EPNS_11XMLDocumentE
FNA:54,25,_ZN8tinyxml210XMLCommentC2EPNS_11XMLDocumentE
FNL:55,1299,1301
FNA:55,0,_ZN8tinyxml210XMLCommentD0Ev
FNA:55,25,_ZN8tinyxml210XMLCommentD1Ev
FNA:55,25,_ZN8tinyxml210XMLCommentD2Ev
FNL:56,1304,1311
FNA:56,20,_ZN8tinyxml210XMLComment9ParseDeepEPcPNS_7StrPairEPi
FNL:57,1315,1321
FNA:57,4,_ZNK8tinyxml210XMLComment12ShallowCloneEPNS_11XMLDocumentE
FNL:58,1325,1329
FNA:58,1,_ZNK8tinyxml210XMLComment12ShallowEqualEPKNS_7XMLNodeE
FNL:59,1333,1336
FNA:59,17,_ZNK8tinyxml210XMLComment6AcceptEPNS_10XMLVisitorE
FNL:60,1342,1344
FNA:60,53006,_ZN8tinyxml214XMLDeclarationC1EPNS_11XMLDocumentE
FNA:60,53006,_ZN8tinyxml214XMLDeclarationC2EPNS_11XMLDocumentE
FNL:61,1347,1350
FNA:61,0,_ZN8tinyxml214XMLDeclarationD0Ev
FNA:61,53006,_ZN8tinyxml214XMLDeclarationD1Ev
FNA:61,53006,_ZN8tinyxml214XMLDeclarationD2Ev
FNL:62,1353,1360
FNA:62,53003,_ZN8tinyxml214XMLDeclaration9ParseDeepEPcPNS_7StrPairEPi
FNL:63,1364,1370
FNA:63,2,_ZNK8tinyxml214XMLDeclaration12ShallowCloneEPNS_11XMLDocumentE
FNL:64,1374,1378
FNA:64,1,_ZNK8tinyxml214XMLDeclaration12ShallowEqualEPKNS_7XMLNodeE
FNL:65,1383,1386
FNA:65,16,_ZNK8tinyxml214XMLDeclaration6AcceptEPNS_10XMLVisitorE
FNL:66,1391,1393
FNA:66,29,_ZN8tinyxml210XMLUnknownC1EPNS_11XMLDocumentE
FNA:66,29,_ZN8tinyxml210XMLUnknownC2EPNS_11XMLDocumentE
FNL:67,1396,1398
FNA:67,0,_ZN8tinyxml210XMLUnknownD0Ev
FNA:67,29,_ZN8tinyxml210XMLUnknownD1Ev
FNA:67,29,_ZN8tinyxml210XMLUnknownD2Ev
FNL:68,1401,1408
FNA:68,28,_ZN8tinyxml210XMLUnknown9ParseDeepEPcPNS_7StrPairEPi
FNL:69,1412,1418
FNA:69,1,_ZNK8tinyxml210XMLUnknown12ShallowCloneEPNS_11XMLDocumentE
FNL:70,1422,1426
FNA:70,1,_ZNK8tinyxml210XMLUnknown12ShallowEqualEPKNS_7XMLNodeE
FNL:71,1430,1433
FNA:71,10,_ZNK8tinyxml210XMLUnknown6AcceptEPNS_10XMLVisitorE
FNL:72,1438,1440
FNA:72,446,_ZNK8tinyxml212XMLAttribute4NameEv
FNL:73,1443,1445
FNA:73,143,_ZNK8tinyxml212XMLAttribute5ValueEv
FNL:74,1448,1473
FNA:74,121,_ZN8tinyxml212XMLAttribute9ParseDeepEPcbPi
FNL:75,1476,1479
FNA:75,21,_ZN8tinyxml212XMLAttribute7SetNameEPKc
FNL:76,1482,1488
FNA:76,11,_ZNK8tinyxml212XMLAttribute13QueryIntValueEPi
FNL:77,1491,1497
FNA:77,4,_ZNK8tinyxml212XMLAttribute18QueryUnsignedValueEPj
FNL:78,1500,1506
FNA:78,4,_ZNK8tinyxml212XMLAttribute15QueryInt64ValueEPx
FNL:79,1509,1515
FNA:79,4,_ZNK8tinyxml212XMLAttribute20QueryUnsigned64ValueEPy
FNL:80,1518,1524
FNA:80,5,_ZNK8tinyxml212XMLAttribute14QueryBoolValueEPb
FNL:81,1527,1533
FNA:81,3,_ZNK8tinyxml212XMLAttribute15QueryFloatValueEPf
FNL:82,1536,1542
FNA:82,12,_ZNK8tinyxml212XMLAttribute16QueryDoubleValueEPd
FNL:83,1545,1548
FNA:83,7,_ZN8tinyxml212XMLAttribute12SetAttributeEPKc
FNL:84,1551,1556
FNA:84,5,_ZN8tinyxml212XMLAttribute12SetAttributeEi
FNL:85,1559,1564
FNA:85,1,_ZN8tinyxml212XMLAttribute12SetAttributeEj
FNL:86,1567,1572
FNA:86,1,_ZN8tinyxml212XMLAttribute12SetAttributeEx
FNL:87,1574,1579
FNA:87,1,_ZN8tinyxml212XMLAttribute12SetAttributeEy
FNL:88,1582,1587
FNA:88,4,_ZN8tinyxml212XMLAttribute12SetAttributeEb
FNL:89,1589,1594
FNA:89,8,_ZN8tinyxml212XMLAttribute12SetAttributeEd
FNL:90,1596,1601
FNA:90,7,_ZN8tinyxml212XMLAttribute12SetAttributeEf
FNL:91,1605,1609
FNA:91,116745,_ZN8tinyxml210XMLElementC1EPNS_11XMLDocumentE
FNA:91,116745,_ZN8tinyxml210XMLElementC2EPNS_11XMLDocumentE
FNL:92,1612,1619
FNA:92,0,_ZN8tinyxml210XMLElementD0Ev
FNA:92,116745,_ZN8tinyxml210XMLElementD1Ev
FNA:92,116745,_ZN8tinyxml210XMLElementD2Ev
FNL:93,1622,1630
FNA:93,191,_ZNK8tinyxml210XMLElement13FindAttributeEPKc
FNL:94,1633,1643
FNA:94,138,_ZNK8tinyxml210XMLElement9AttributeEPKcS2_
FNL:95,1645,1649
FNA:95,4,_ZNK8tinyxml210XMLElement12IntAttributeEPKci
FNL:96,1652,1656
FNA:96,1,_ZNK8tinyxml210XMLElement17UnsignedAttributeEPKcj
FNL:97,1659,1663
FNA:97,1,_ZNK8tinyxml210XMLElement14Int64AttributeEPKcx
FNL:98,1666,1670
FNA:98,1,_ZNK8tinyxml210XMLElement19Unsigned64AttributeEPKcy
FNL:99,1673,1677
FNA:99,3,_ZNK8tinyxml210XMLElement13BoolAttributeEPKcb
FNL:100,1680,1684
FNA:100,5,_ZNK8tinyxml210XMLElement15DoubleAttributeEPKcd
FNL:101,1687,1691
FNA:101,1,_ZNK8tinyxml210XMLElement14FloatAttributeEPKcf
FNL:102,1694,1710
FNA:102,48,_ZNK8tinyxml210XMLElement7GetTextEv
FNL:103,1713,1721
FNA:103,13,_ZN8tinyxml210XMLElement7SetTextEPKc
FNL:104,1724,1729
FNA:104,1,_ZN8tinyxml210XMLElement7SetTextEi
FNL:105,1732,1737
FNA:105,1,_ZN8tinyxml210XMLElement7SetTextEj
FNL:106,1740,1745
FNA:106,1,_ZN8tinyxml210XMLElement7SetTextEx
FNL:107,1747,1751
FNA:107,1,_ZN8tinyxml210XMLElement7SetTextEy
FNL:108,1754,1759
FNA:108,1,_ZN8tinyxml210XMLElement7SetTextEb
FNL:109,1762,1767
FNA:109,1,_ZN8tinyxml210XMLElement7SetTextEf
FNL:110,1770,1775
FNA:110,1,_ZN8tinyxml210XMLElement7SetTextEd
FNL:111,1778,1788
FNA:111,5,_ZNK8tinyxml210XMLElement12QueryIntTextEPi
FNL:112,1791,1801
FNA:112,4,_ZNK8tinyxml210XMLElement17QueryUnsignedTextEPj
FNL:113,1804,1814
FNA:113,4,_ZNK8tinyxml210XMLElement14QueryInt64TextEPx
FNL:114,1817,1827
FNA:114,2,_ZNK8tinyxml210XMLElement19QueryUnsigned64TextEPy
FNL:115,1830,1840
FNA:115,3,_ZNK8tinyxml210XMLElement13QueryBoolTextEPb
FNL:116,1843,1853
FNA:116,3,_ZNK8tinyxml210XMLElement15QueryDoubleTextEPd
FNL:117,1856,1866
FNA:117,3,_ZNK8tinyxml210XMLElement14QueryFloatTextEPf
FNL:118,1868,1872
FNA:118,3,_ZNK8tinyxml210XMLElement7IntTextEi
FNL:119,1875,1879
FNA:119,3,_ZNK8tinyxml210XMLElement12UnsignedTextEj
FNL:120,1882,1886
FNA:120,3,_ZNK8tinyxml210XMLElement9Int64TextEx
FNL:121,1889,1893
FNA:121,1,_ZNK8tinyxml210XMLElement14Unsigned64TextEy
FNL:122,1896,1900
FNA:122,2,_ZNK8tinyxml210XMLElement8BoolTextEb
FNL:123,1903,1907
FNA:123,2,_ZNK8tinyxml210XMLElement10DoubleTextEd
FNL:124,1910,1914
FNA:124,2,_ZNK8tinyxml210XMLElement9FloatTextEf
FNL:125,1918,1942
FNA:125,34,_ZN8tinyxml210XMLElement21FindOrCreateAttributeEPKc
FNL:126,1946,1962
FNA:126,4,_ZN8tinyxml210XMLElement15DeleteAttributeEPKc
FNL:127,1965,2022
FNA:127,116710,_ZN8tinyxml210XMLElement15ParseAttributesEPcPi
FNL:128,2024,2032
FNA:128,142,_ZN8tinyxml210XMLElement15DeleteAttributeEPNS_12XMLAttributeE
FNL:129,2034,2041
FNA:129,142,_ZN8tinyxml210XMLElement15CreateAttributeEv
FNL:130,2045,2048
FNA:130,0,_ZN8tinyxml210XMLElement21InsertNewChildElementEPKc
FNL:131,2051,2054
FNA:131,0,_ZN8tinyxml210XMLElement16InsertNewCommentEPKc
FNL:132,2057,2060
FNA:132,0,_ZN8tinyxml210XMLElement13InsertNewTextEPKc
FNL:133,2063,2066
FNA:133,0,_ZN8tinyxml210XMLElement20InsertNewDeclarationEPKc
FNL:134,2069,2072
FNA:134,0,_ZN8tinyxml210XMLElement16InsertNewUnknownEPKc
FNL:135,2081,2106
FNA:135,116712,_ZN8tinyxml210XMLElement9ParseDeepEPcPNS_7StrPairEPi
FNL:136,2110,2119
FNA:136,8,_ZNK8tinyxml210XMLElement12ShallowCloneEPNS_11XMLDocumentE
FNL:137,2123,2146
FNA:137,4,_ZNK8tinyxml210XMLElement12ShallowEqualEPKNS_7XMLNodeE
FNL:138,2149,2159
FNA:138,3496,_ZNK8tinyxml210XMLElement6AcceptEPNS_10XMLVisitorE
FNL:139,2189,2208
FNA:139,175,_ZN8tinyxml211XMLDocumentC1EbNS_10WhitespaceE
FNA:139,175,_ZN8tinyxml211XMLDocumentC2EbNS_10WhitespaceE
FNL:140,2211,2214
FNA:140,3,_ZN8tinyxml211XMLDocumentD0Ev
FNA:140,175,_ZN8tinyxml211XMLDocumentD1Ev
FNA:140,175,_ZN8tinyxml211XMLDocumentD2Ev
FNL:141,2217,2228
FNA:141,378111,_ZN8tinyxml211XMLDocument9MarkInUseEPKNS_7XMLNodeE
FNL:142,2230,2261
FNA:142,370,_ZN8tinyxml211XMLDocument5ClearEv
FNL:143,2264,2275
FNA:143,1,_ZNK8tinyxml211XMLDocument8DeepCopyEPS0_
FNL:144,2277,2281
FNA:144,33,_ZN8tinyxml211XMLDocument10NewElementEPKc
FNL:145,2285,2289
FNA:145,5,_ZN8tinyxml211XMLDocument10NewCommentEPKc
FNL:146,2293,2297
FNA:146,9,_ZN8tinyxml211XMLDocument7NewTextEPKc
FNL:147,2301,2305
FNA:147,3,_ZN8tinyxml211XMLDocument14NewDeclarationEPKc
FNL:148,2309,2313
FNA:148,1,_ZN8tinyxml211XMLDocument10NewUnknownEPKc
FNL:149,2316,2329
FNA:149,29,_ZN8tinyxml2L9callfopenEPKcS1_
FNL:150,2332,2349
FNA:150,2052,_ZN8tinyxml211XMLDocument10DeleteNodeEPNS_7XMLNodeE
FNL:151,2352,2369
FNA:151,21,_ZN8tinyxml211XMLDocument8LoadFileEPKc
FNL:152,2371,2422
FNA:152,19,_ZN8tinyxml211XMLDocument8LoadFileEP7__sFILE
FNL:153,2425,2441
FNA:153,8,_ZN8tinyxml211XMLDocument8SaveFileEPKcb
FNL:154,2444,2452
FNA:154,7,_ZN8tinyxml211XMLDocument8SaveFileEP7__sFILEb
FNL:155,2455,2483
FNA:155,150,_ZN8tinyxml211XMLDocument5ParseEPKcm
FNL:156,2486,2495
FNA:156,49,_ZNK8tinyxml211XMLDocument5PrintEPNS_10XMLPrinterE
FNL:157,2498,2502
FNA:157,377,_ZN8tinyxml211XMLDocument10ClearErrorEv
FNL:158,2505,2531
FNA:158,40,_ZN8tinyxml211XMLDocument8SetErrorENS_8XMLErrorEiPKcz
FNL:159,2534,2539
FNA:159,189,_ZN8tinyxml211XMLDocument13ErrorIDToNameENS_8XMLErrorE
FNL:160,2542,2544
FNA:160,9,_ZNK8tinyxml211XMLDocument8ErrorStrEv
FNL:161,2548,2551
FNA:161,6,_ZNK8tinyxml211XMLDocument10PrintErrorEv
FNL:162,2553,2555
FNA:162,4,_ZNK8tinyxml211XMLDocument9ErrorNameEv
FNL:163,2558,2572
FNA:163,167,_ZN8tinyxml211XMLDocument5ParseEv
FNL:164,2574,2580
FNA:164,59488,_ZN8tinyxml211XMLDocument9PushDepthEv
FNL:165,2582,2586
FNA:165,59488,_ZN8tinyxml211XMLDocument8PopDepthEv
FNL:166,2588,2615
FNA:166,61,_ZN8tinyxml210XMLPrinterC1EP7__sFILEbiNS0_27EscapeAposCharsInAttributesE
FNA:166,61,_ZN8tinyxml210XMLPrinterC2EP7__sFILEbiNS0_27EscapeAposCharsInAttributesE
FNL:167,2618,2637
FNA:167,0,_ZN8tinyxml210XMLPrinter5PrintEPKcz
FNL:168,2640,2650
FNA:168,34903,_ZN8tinyxml210XMLPrinter5WriteEPKcm
FNL:169,2653,2663
FNA:169,7641,_ZN8tinyxml210XMLPrinter4PutcEc
FNL:170,2666,2671
FNA:170,4033,_ZN8tinyxml210XMLPrinter10PrintSpaceEi
FNL:171,2674,2726
FNA:171,2953,_ZN8tinyxml210XMLPrinter11PrintStringEPKcb
FNL:172,2729,2738
FNA:172,5,_ZN8tinyxml210XMLPrinter10PushHeaderEbb
FNL:173,2740,2756
FNA:173,3532,_ZN8tinyxml210XMLPrinter17PrepareForNewNodeEb
FNL:174,2758,2768
FNA:174,3492,_ZN8tinyxml210XMLPrinter11OpenElementEPKcb
FNL:175,2771,2779
FNA:175,65,_ZN8tinyxml210XMLPrinter13PushAttributeEPKcS2_
FNL:176,2782,2787
FNA:176,1,_ZN8tinyxml210XMLPrinter13PushAttributeEPKci
FNL:177,2790,2795
FNA:177,1,_ZN8tinyxml210XMLPrinter13PushAttributeEPKcj
FNL:178,2798,2803
FNA:178,1,_ZN8tinyxml210XMLPrinter13PushAttributeEPKcx
FNL:179,2806,2811
FNA:179,1,_ZN8tinyxml210XMLPrinter13PushAttributeEPKcy
FNL:180,2814,2819
FNA:180,1,_ZN8tinyxml210XMLPrinter13PushAttributeEPKcb
FNL:181,2822,2827
FNA:181,1,_ZN8tinyxml210XMLPrinter13PushAttributeEPKcd
FNL:182,2830,2855
FNA:182,3492,_ZN8tinyxml210XMLPrinter12CloseElementEb
FNL:183,2858,2865
FNA:183,6422,_ZN8tinyxml210XMLPrinter23SealElementIfJustOpenedEv
FNL:184,2868,2881
FNA:184,2890,_ZN8tinyxml210XMLPrinter8PushTextEPKcb
FNL:185,2884,2889
FNA:185,1,_ZN8tinyxml210XMLPrinter8PushTextEx
FNL:186,2892,2897
FNA:186,1,_ZN8tinyxml210XMLPrinter8PushTextEy
FNL:187,2900,2905
FNA:187,1,_ZN8tinyxml210XMLPrinter8PushTextEi
FNL:188,2908,2913
FNA:188,1,_ZN8tinyxml210XMLPrinter8PushTextEj
FNL:189,2916,2921
FNA:189,1,_ZN8tinyxml210XMLPrinter8PushTextEb
FNL:190,2924,2929
FNA:190,0,_ZN8tinyxml210XMLPrinter8PushTextEf
FNL:191,2932,2937
FNA:191,0,_ZN8tinyxml210XMLPrinter8PushTextEd
FNL:192,2940,2947
FNA:192,17,_ZN8tinyxml210XMLPrinter11PushCommentEPKc
FNL:193,2950,2957
FNA:193,14,_ZN8tinyxml210XMLPrinter15PushDeclarationEPKc
FNL:194,2960,2967
FNA:194,9,_ZN8tinyxml210XMLPrinter11PushUnknownEPKc
FNL:195,2970,2976
FNA:195,53,_ZN8tinyxml210XMLPrinter10VisitEnterERKNS_11XMLDocumentE
FNL:196,2980,2992
FNA:196,3481,_ZN8tinyxml210XMLPrinter10VisitEnterERKNS_10XMLElementEPKNS_12XMLAttributeE
FNL:197,2996,2999
FNA:197,3481,_ZN8tinyxml210XMLPrinter9VisitExitERKNS_10XMLElementE
FNL:198,3003,3006
FNA:198,2882,_ZN8tinyxml210XMLPrinter5VisitERKNS_7XMLTextE
FNL:199,3010,3013
FNA:199,16,_ZN8tinyxml210XMLPrinter5VisitERKNS_10XMLCommentE
FNL:200,3016,3019
FNA:200,13,_ZN8tinyxml210XMLPrinter5VisitERKNS_14XMLDeclarationE
FNL:201,3023,3026
FNA:201,9,_ZN8tinyxml210XMLPrinter5VisitERKNS_10XMLUnknownE
FNF:202
FNH:192
DA:84,0
DA:86,0
DA:87,0
DA:89,0
DA:90,0
DA:91,0
DA:92,0
DA:145,876102
DA:146,438051
DA:147,438051
DA:148,876102
DA:151,57307
DA:153,57307
DA:154,0
DA:159,57307
DA:160,57307
DA:161,57307
DA:162,57307
DA:164,57307
DA:166,57307
DA:167,57307
DA:168,57307
DA:170,57307
DA:171,57307
DA:172,57307
DA:173,57307
DA:176,714839
DA:178,714839
DA:179,154
DA:180,154
DA:181,714839
DA:182,714839
DA:183,714839
DA:184,714839
DA:187,154
DA:189,154
DA:190,154
DA:191,154
DA:192,154
DA:193,154
DA:194,154
DA:195,154
DA:196,154
DA:197,154
DA:200,102088
DA:202,102088
DA:203,102088
DA:204,102088
DA:206,102088
DA:207,102088
DA:208,102088
DA:211,1698523
DA:212,1698514
DA:213,102079
DA:214,102079
DA:215,1596435
DA:216,179
DA:217,179
DA:218,1596435
DA:219,1596435
DA:221,9
DA:222,102088
DA:225,116833
DA:227,116833
DA:228,0
DA:230,116833
DA:231,2
DA:234,116831
DA:235,116831
DA:236,569209
DA:237,452378
DA:240,116831
DA:241,116831
DA:242,116833
DA:245,3
DA:248,3
DA:250,3
DA:252,3
DA:253,3
DA:254,3
DA:256,39
DA:257,38
DA:258,14
DA:259,14
DA:260,2
DA:262,12
DA:263,12
DA:264,12
DA:265,36
DA:266,36
DA:267,36
DA:269,3
DA:270,3
DA:271,3
DA:274,121916
DA:276,121916
DA:277,121916
DA:278,121916
DA:279,117814
DA:280,117814
DA:282,117814
DA:283,3035
DA:284,3035
DA:286,96342
DA:287,93307
DA:291,3
DA:292,1
DA:293,1
DA:295,2
DA:297,3
DA:298,3
DA:299,3
DA:300,93304
DA:301,31
DA:302,1
DA:303,1
DA:305,30
DA:307,31
DA:308,31
DA:309,31
DA:310,93273
DA:316,50
DA:317,19
DA:318,19
DA:319,19
DA:320,19
DA:321,19
DA:322,9
DA:323,9
DA:324,9
DA:325,9
DA:327,10
DA:328,10
DA:329,10
DA:330,10
DA:331,10
DA:333,19
DA:335,31
DA:336,93
DA:337,93
DA:338,93
DA:339,93
DA:341,31
DA:342,31
DA:343,31
DA:344,31
DA:345,31
DA:347,62
DA:348,31
DA:350,0
DA:351,0
DA:352,0
DA:354,50
DA:356,93223
DA:357,93223
DA:358,93223
DA:361,3035
DA:362,3035
DA:365,117814
DA:366,3
DA:367,3
DA:368,117814
DA:369,117814
DA:370,121916
DA:371,121916
DA:382,2
DA:387,2
DA:388,2
DA:389,2
DA:392,167
DA:394,167
DA:395,167
DA:396,167
DA:397,167
DA:399,167
DA:400,167
DA:401,4
DA:402,4
DA:403,4
DA:404,4
DA:405,167
DA:406,167
DA:410,10
DA:412,10
DA:413,10
DA:414,10
DA:416,10
DA:417,6
DA:418,6
DA:419,4
DA:420,3
DA:421,3
DA:422,1
DA:423,0
DA:424,0
DA:425,1
DA:426,1
DA:427,1
DA:429,0
DA:430,0
DA:433,10
DA:437,10
DA:439,1
DA:440,1
DA:441,1
DA:444,1
DA:445,1
DA:446,1
DA:449,4
DA:450,4
DA:451,4
DA:454,10
DA:455,10
DA:456,10
DA:458,0
DA:459,0
DA:460,10
DA:463,19
DA:466,19
DA:470,19
DA:471,19
DA:472,19
DA:473,19
DA:476,19
DA:477,19
DA:478,19
DA:479,19
DA:481,19
DA:483,12
DA:484,12
DA:485,12
DA:487,12
DA:488,12
DA:491,7
DA:493,19
DA:494,0
DA:497,19
DA:498,19
DA:499,2
DA:501,17
DA:503,17
DA:504,17
DA:506,97
DA:507,87
DA:509,87
DA:510,64
DA:511,64
DA:512,23
DA:513,8
DA:514,8
DA:515,15
DA:516,13
DA:517,13
DA:519,2
DA:521,85
DA:523,85
DA:528,85
DA:529,5
DA:531,80
DA:532,80
DA:533,80
DA:534,23
DA:535,23
DA:536,80
DA:539,10
DA:540,0
DA:543,10
DA:544,10
DA:547,0
DA:549,10
DA:551,0
DA:552,19
DA:554,72
DA:556,72
DA:557,72
DA:560,18
DA:562,18
DA:563,18
DA:566,7
DA:568,7
DA:569,7
DA:575,18
DA:577,18
DA:578,18
DA:581,28
DA:583,28
DA:584,28
DA:587,20
DA:590,20
DA:591,20
DA:593,16
DA:596,16
DA:597,16
DA:599,31
DA:601,31
DA:603,1
DA:604,1
DA:605,1
DA:607,0
DA:609,30
DA:610,14
DA:613,16
DA:614,31
DA:616,8
DA:618,8
DA:619,8
DA:621,0
DA:622,8
DA:624,15
DA:626,15
DA:627,15
DA:628,0
DA:629,0
DA:634,30
DA:635,26
DA:636,11
DA:637,11
DA:639,15
DA:640,10
DA:641,9
DA:642,3
DA:643,3
DA:645,6
DA:646,1
DA:647,15
DA:650,6
DA:652,6
DA:653,6
DA:655,0
DA:656,6
DA:659,15
DA:661,15
DA:662,14
DA:664,1
DA:665,15
DA:668,8
DA:670,8
DA:671,1
DA:672,1
DA:673,1
DA:674,1
DA:676,0
DA:678,7
DA:679,7
DA:680,7
DA:681,7
DA:684,0
DA:685,8
DA:688,6
DA:689,6
DA:690,6
DA:691,6
DA:692,6
DA:694,0
DA:695,6
DA:698,218716
DA:700,218716
DA:701,218716
DA:702,218716
DA:703,218716
DA:704,218716
DA:705,218716
DA:706,33
DA:707,33
DA:708,33
DA:724,218683
DA:725,218683
DA:726,218683
DA:727,218683
DA:728,53003
DA:729,53003
DA:730,53003
DA:731,53003
DA:732,165680
DA:733,20
DA:734,20
DA:735,20
DA:736,20
DA:737,165660
DA:738,6
DA:739,6
DA:740,6
DA:741,6
DA:742,6
DA:743,6
DA:744,165654
DA:745,28
DA:746,28
DA:747,28
DA:748,28
DA:749,165626
DA:752,116718
DA:753,6
DA:754,6
DA:755,6
DA:756,6
DA:757,6
DA:759,116712
DA:760,116712
DA:761,116712
DA:763,116718
DA:765,48908
DA:766,48908
DA:767,48908
DA:768,48908
DA:771,218683
DA:772,218683
DA:773,218683
DA:774,218683
DA:775,218716
DA:778,56
DA:780,56
DA:781,56
DA:782,140
DA:783,84
DA:784,0
DA:786,84
DA:787,56
DA:788,56
DA:794,218909
DA:795,218909
DA:796,218909
DA:797,218909
DA:798,218909
DA:799,218909
DA:800,218909
DA:801,218909
DA:802,218909
DA:803,218909
DA:804,218909
DA:807,218909
DA:808,218909
DA:812,218909
DA:813,325087
DA:814,106178
DA:815,106178
DA:816,106178
DA:817,106178
DA:820,218909
DA:821,0
DA:822,0
DA:823,218909
DA:827,2
DA:828,2
DA:830,2
DA:832,4
DA:833,2
DA:834,2
DA:837,2
DA:840,1
DA:841,1
DA:843,1
DA:845,4
DA:846,3
DA:847,3
DA:850,1
DA:853,64014
DA:856,64014
DA:857,2
DA:858,64012
DA:859,64014
DA:861,59
DA:863,59
DA:864,0
DA:865,0
DA:867,59
DA:869,59
DA:871,14
DA:873,14
DA:874,14
DA:876,23
DA:877,9
DA:878,9
DA:879,9
DA:880,9
DA:881,14
DA:882,14
DA:884,401
DA:886,53589
DA:887,53188
DA:888,53188
DA:890,401
DA:891,401
DA:894,53203
DA:896,53203
DA:897,53203
DA:898,53203
DA:899,53203
DA:900,53194
DA:901,53194
DA:902,53203
DA:903,164
DA:904,164
DA:906,53203
DA:907,9
DA:908,9
DA:909,53203
DA:910,53039
DA:911,53039
DA:912,53203
DA:913,53203
DA:914,53203
DA:915,53203
DA:918,53199
DA:920,53199
DA:921,53199
DA:922,53199
DA:923,53199
DA:924,53199
DA:925,53199
DA:926,53199
DA:927,53199
DA:928,53199
DA:931,159363
DA:933,159363
DA:934,159363
DA:935,0
DA:936,0
DA:938,159363
DA:940,159363
DA:941,101405
DA:942,101405
DA:943,101405
DA:944,101405
DA:945,101405
DA:947,101405
DA:948,101405
DA:950,57958
DA:951,57958
DA:953,57958
DA:954,57958
DA:956,159363
DA:957,159363
DA:958,159363
DA:961,14
DA:963,14
DA:964,14
DA:965,0
DA:966,0
DA:968,14
DA:970,14
DA:971,2
DA:972,2
DA:974,2
DA:975,2
DA:976,2
DA:978,2
DA:979,2
DA:981,12
DA:982,12
DA:984,12
DA:985,12
DA:987,14
DA:988,14
DA:989,14
DA:992,12
DA:994,12
DA:995,12
DA:996,0
DA:997,0
DA:1000,12
DA:1002,12
DA:1003,0
DA:1004,0
DA:1006,12
DA:1011,6
DA:1014,6
DA:1016,2
DA:1018,4
DA:1019,4
DA:1020,4
DA:1021,4
DA:1022,4
DA:1023,4
DA:1024,4
DA:1025,12
DA:1030,187
DA:1032,298
DA:1033,294
DA:1034,294
DA:1035,183
DA:1037,111
DA:1038,4
DA:1039,187
DA:1042,10
DA:1044,10
DA:1045,10
DA:1046,10
DA:1047,10
DA:1049,0
DA:1050,0
DA:1051,10
DA:1054,20
DA:1056,24
DA:1057,17
DA:1058,17
DA:1059,13
DA:1061,4
DA:1062,7
DA:1063,20
DA:1066,2
DA:1068,2
DA:1069,1
DA:1070,1
DA:1071,1
DA:1073,0
DA:1074,1
DA:1075,2
DA:1078,59488
DA:1097,59488
DA:1098,59488
DA:1099,4
DA:1101,59484
DA:1102,218816
DA:1103,218716
DA:1105,218716
DA:1106,218716
DA:1107,218716
DA:1108,33
DA:1110,218683
DA:1112,218683
DA:1114,218683
DA:1115,218683
DA:1116,218683
DA:1117,2033
DA:1118,2033
DA:1119,4
DA:1120,4
DA:1121,2033
DA:1124,216650
DA:1125,216650
DA:1134,53002
DA:1136,53002
DA:1137,53000
DA:1138,52956
DA:1139,52956
DA:1140,52956
DA:1141,52954
DA:1142,52954
DA:1143,52956
DA:1145,44
DA:1147,53000
DA:1148,53002
DA:1149,4
DA:1150,4
DA:1151,4
DA:1153,52998
DA:1155,216646
DA:1156,216646
DA:1158,114687
DA:1159,57308
DA:1160,57307
DA:1161,57307
DA:1162,57308
DA:1163,57308
DA:1164,57308
DA:1169,57379
DA:1170,57379
DA:1171,72
DA:1172,3
DA:1173,3
DA:1174,72
DA:1176,57307
DA:1177,0
DA:1178,0
DA:1179,57307
DA:1180,3
DA:1181,3
DA:1183,57379
DA:1184,6
DA:1185,6
DA:1186,6
DA:1188,57373
DA:1189,159332
DA:1190,218683
DA:1191,2176
DA:1192,59488
DA:1194,218734
DA:1196,218734
DA:1197,0
DA:1199,218734
DA:1200,218734
DA:1201,218734
DA:1202,218734
DA:1204,218734
DA:1205,218734
DA:1206,218734
DA:1207,218734
DA:1209,159381
DA:1211,159381
DA:1212,159381
DA:1214,159381
DA:1215,4
DA:1216,4
DA:1218,159377
DA:1219,159377
DA:1221,159381
DA:1223,322
DA:1225,322
DA:1226,322
DA:1227,28
DA:1229,294
DA:1230,127
DA:1232,167
DA:1233,80
DA:1235,87
DA:1236,322
DA:1239,48920
DA:1241,48920
DA:1242,6
DA:1243,6
DA:1244,2
DA:1245,2
DA:1246,6
DA:1249,48914
DA:1250,48914
DA:1251,3
DA:1252,3
DA:1254,48914
DA:1255,48914
DA:1256,48911
DA:1258,3
DA:1259,3
DA:1260,3
DA:1262,3
DA:1263,48920
DA:1266,3
DA:1268,3
DA:1269,0
DA:1270,0
DA:1271,3
DA:1272,3
DA:1273,3
DA:1277,0
DA:1279,0
DA:1280,0
DA:1281,0
DA:1285,2895
DA:1287,2895
DA:1288,2895
DA:1294,50
DA:1295,50
DA:1296,50
DA:1299,50
DA:1300,25
DA:1301,50
DA:1304,20
DA:1307,20
DA:1308,20
DA:1309,1
DA:1310,1
DA:1311,20
DA:1315,4
DA:1317,4
DA:1318,0
DA:1319,0
DA:1320,4
DA:1321,4
DA:1325,1
DA:1327,1
DA:1328,1
DA:1329,1
DA:1333,17
DA:1335,17
DA:1336,17
DA:1342,106012
DA:1343,106012
DA:1344,106012
DA:1347,106012
DA:1348,53006
DA:1350,106012
DA:1353,53003
DA:1356,53003
DA:1357,53003
DA:1358,1
DA:1359,1
DA:1360,53003
DA:1364,2
DA:1366,2
DA:1367,0
DA:1368,0
DA:1369,2
DA:1370,2
DA:1374,1
DA:1376,1
DA:1377,1
DA:1378,1
DA:1383,16
DA:1385,16
DA:1386,16
DA:1391,58
DA:1392,58
DA:1393,58
DA:1396,58
DA:1397,29
DA:1398,58
DA:1401,28
DA:1404,28
DA:1405,28
DA:1406,1
DA:1407,1
DA:1408,28
DA:1412,1
DA:1414,1
DA:1415,0
DA:1416,0
DA:1417,1
DA:1418,1
DA:1422,1
DA:1424,1
DA:1425,1
DA:1426,1
DA:1430,10
DA:1432,10
DA:1433,10
DA:1438,446
DA:1440,446
DA:1443,143
DA:1445,143
DA:1448,121
DA:1451,121
DA:1452,121
DA:1453,1
DA:1457,120
DA:1458,120
DA:1459,2
DA:1462,118
DA:1463,118
DA:1464,118
DA:1465,1
DA:1468,117
DA:1469,117
DA:1471,117
DA:1472,117
DA:1473,121
DA:1476,21
DA:1478,21
DA:1479,21
DA:1482,11
DA:1484,11
DA:1485,10
DA:1487,1
DA:1488,11
DA:1491,4
DA:1493,4
DA:1494,4
DA:1496,0
DA:1497,4
DA:1500,4
DA:1502,4
DA:1503,4
DA:1505,0
DA:1506,4
DA:1509,4
DA:1511,4
DA:1512,4
DA:1514,0
DA:1515,4
DA:1518,5
DA:1520,5
DA:1521,5
DA:1523,0
DA:1524,5
DA:1527,3
DA:1529,3
DA:1530,3
DA:1532,0
DA:1533,3
DA:1536,12
DA:1538,12
DA:1539,11
DA:1541,1
DA:1542,12
DA:1545,7
DA:1547,7
DA:1548,7
DA:1551,5
DA:1554,5
DA:1555,5
DA:1556,5
DA:1559,1
DA:1562,1
DA:1563,1
DA:1564,1
DA:1567,1
DA:1570,1
DA:1571,1
DA:1572,1
DA:1574,1
DA:1577,1
DA:1578,1
DA:1579,1
DA:1582,4
DA:1585,4
DA:1586,4
DA:1587,4
DA:1589,8
DA:1592,8
DA:1593,8
DA:1594,8
DA:1596,7
DA:1599,7
DA:1600,7
DA:1601,7
DA:1605,233490
DA:1606,116745
DA:1607,116745
DA:1608,233490
DA:1609,233490
DA:1612,233490
DA:1613,233490
DA:1614,116877
DA:1615,132
DA:1616,132
DA:1617,132
DA:1619,233490
DA:1622,191
DA:1624,320
DA:1625,200
DA:1626,71
DA:1628,129
DA:1629,120
DA:1630,191
DA:1633,138
DA:1635,138
DA:1636,138
DA:1637,115
DA:1639,23
DA:1640,23
DA:1642,0
DA:1643,138
DA:1645,4
DA:1647,4
DA:1648,4
DA:1649,4
DA:1652,1
DA:1654,1
DA:1655,1
DA:1656,1
DA:1659,1
DA:1661,1
DA:1662,1
DA:1663,1
DA:1666,1
DA:1668,1
DA:1669,1
DA:1670,1
DA:1673,3
DA:1675,3
DA:1676,3
DA:1677,3
DA:1680,5
DA:1682,5
DA:1683,5
DA:1684,5
DA:1687,1
DA:1689,1
DA:1690,1
DA:1691,1
DA:1694,48
DA:1697,48
DA:1698,48
DA:1699,42
DA:1700,0
DA:1701,0
DA:1703,42
DA:1706,48
DA:1707,41
DA:1709,7
DA:1710,48
DA:1713,13
DA:1715,13
DA:1716,8
DA:1718,5
DA:1719,5
DA:1721,13
DA:1724,1
DA:1727,1
DA:1728,1
DA:1729,1
DA:1732,1
DA:1735,1
DA:1736,1
DA:1737,1
DA:1740,1
DA:1743,1
DA:1744,1
DA:1745,1
DA:1747,1
DA:1749,1
DA:1750,1
DA:1751,1
DA:1754,1
DA:1757,1
DA:1758,1
DA:1759,1
DA:1762,1
DA:1765,1
DA:1766,1
DA:1767,1
DA:1770,1
DA:1773,1
DA:1774,1
DA:1775,1
DA:1778,5
DA:1780,5
DA:1781,5
DA:1782,5
DA:1783,5
DA:1785,0
DA:1787,0
DA:1788,5
DA:1791,4
DA:1793,4
DA:1794,4
DA:1795,4
DA:1796,4
DA:1798,0
DA:1800,0
DA:1801,4
DA:1804,4
DA:1806,4
DA:1807,4
DA:1808,4
DA:1809,4
DA:1811,0
DA:1813,0
DA:1814,4
DA:1817,2
DA:1819,2
DA:1820,2
DA:1821,2
DA:1822,2
DA:1824,0
DA:1826,0
DA:1827,2
DA:1830,3
DA:1832,3
DA:1833,3
DA:1834,3
DA:1835,3
DA:1837,0
DA:1839,0
DA:1840,3
DA:1843,3
DA:1845,3
DA:1846,3
DA:1847,3
DA:1848,3
DA:1850,0
DA:1852,0
DA:1853,3
DA:1856,3
DA:1858,3
DA:1859,3
DA:1860,3
DA:1861,3
DA:1863,0
DA:1865,0
DA:1866,3
DA:1868,3
DA:1870,3
DA:1871,3
DA:1872,3
DA:1875,3
DA:1877,3
DA:1878,3
DA:1879,3
DA:1882,3
DA:1884,3
DA:1885,3
DA:1886,3
DA:1889,1
DA:1891,1
DA:1892,1
DA:1893,1
DA:1896,2
DA:1898,2
DA:1899,2
DA:1900,2
DA:1903,2
DA:1905,2
DA:1906,2
DA:1907,2
DA:1910,2
DA:1912,2
DA:1913,2
DA:1914,2
DA:1918,34
DA:1920,34
DA:1921,34
DA:1922,83
DA:1923,83
DA:1924,49
DA:1925,62
DA:1926,13
DA:1928,49
DA:1929,34
DA:1930,21
DA:1931,21
DA:1932,21
DA:1933,9
DA:1934,9
DA:1935,9
DA:1937,12
DA:1938,12
DA:1940,21
DA:1941,21
DA:1942,34
DA:1946,4
DA:1948,4
DA:1949,5
DA:1950,5
DA:1951,4
DA:1952,1
DA:1953,1
DA:1955,3
DA:1957,4
DA:1958,4
DA:1960,1
DA:1961,1
DA:1962,4
DA:1965,116710
DA:1967,116710
DA:1970,116825
DA:1971,116825
DA:1972,116825
DA:1973,1
DA:1974,1
DA:1978,116824
DA:1979,121
DA:1980,121
DA:1981,121
DA:1983,121
DA:1985,121
DA:1986,121
DA:1987,6
DA:1988,6
DA:1989,6
DA:1996,115
DA:1997,45
DA:1998,45
DA:1999,45
DA:2001,70
DA:2002,70
DA:2004,115
DA:2005,115
DA:2007,116703
DA:2008,116633
DA:2009,116633
DA:2012,70
DA:2013,69
DA:2014,69
DA:2017,1
DA:2018,1
DA:2021,116633
DA:2022,116710
DA:2024,142
DA:2026,142
DA:2027,0
DA:2029,142
DA:2030,142
DA:2031,142
DA:2032,142
DA:2034,142
DA:2036,142
DA:2037,142
DA:2038,142
DA:2039,142
DA:2040,142
DA:2041,142
DA:2045,0
DA:2047,0
DA:2048,0
DA:2051,0
DA:2053,0
DA:2054,0
DA:2057,0
DA:2059,0
DA:2060,0
DA:2063,0
DA:2065,0
DA:2066,0
DA:2069,0
DA:2071,0
DA:2072,0
DA:2081,116712
DA:2084,116712
DA:2089,116712
DA:2090,57308
DA:2091,57308
DA:2092,57308
DA:2094,116712
DA:2095,116712
DA:2096,2
DA:2099,116710
DA:2100,116710
DA:2101,57388
DA:2104,59322
DA:2105,59322
DA:2106,116712
DA:2110,8
DA:2112,8
DA:2113,0
DA:2114,0
DA:2115,8
DA:2116,13
DA:2117,5
DA:2118,5
DA:2119,8
DA:2123,4
DA:2125,4
DA:2126,4
DA:2127,4
DA:2129,3
DA:2130,3
DA:2132,5
DA:2133,2
DA:2134,0
DA:2136,2
DA:2137,2
DA:2139,3
DA:2141,0
DA:2143,3
DA:2145,1
DA:2146,4
DA:2149,3496
DA:2151,3496
DA:2152,3496
DA:2153,9841
DA:2154,6345
DA:2155,0
DA:2157,6345
DA:2158,3496
DA:2159,3496
DA:2189,350
DA:2190,175
DA:2191,175
DA:2192,175
DA:2193,175
DA:2194,175
DA:2195,175
DA:2196,175
DA:2197,175
DA:2198,175
DA:2199,175
DA:2200,175
DA:2201,175
DA:2202,175
DA:2203,175
DA:2204,175
DA:2205,350
DA:2207,175
DA:2208,350
DA:2211,353
DA:2212,353
DA:2213,175
DA:2214,353
DA:2217,378111
DA:2219,378111
DA:2220,378111
DA:2222,1857348
DA:2223,1697971
DA:2224,218734
DA:2225,218734
DA:2227,1479237
DA:2228,378111
DA:2230,370
DA:2232,370
DA:2233,372
DA:2234,2
DA:2240,370
DA:2242,370
DA:2243,370
DA:2244,370
DA:2261,370
DA:2264,1
DA:2266,1
DA:2267,1
DA:2268,0
DA:2271,1
DA:2272,4
DA:2273,3
DA:2274,3
DA:2275,1
DA:2277,33
DA:2279,33
DA:2280,33
DA:2281,33
DA:2285,5
DA:2287,5
DA:2288,5
DA:2289,5
DA:2293,9
DA:2295,9
DA:2296,9
DA:2297,9
DA:2301,3
DA:2303,3
DA:2304,3
DA:2305,3
DA:2309,1
DA:2311,1
DA:2312,1
DA:2313,1
DA:2316,29
DA:2318,29
DA:2319,29
DA:2327,29
DA:2329,29
DA:2332,2052
DA:2333,2052
DA:2334,1
DA:2336,2051
DA:2337,2051
DA:2338,2
DA:2339,2
DA:2345,2049
DA:2347,2049
DA:2349,2052
DA:2352,21
DA:2354,21
DA:2355,0
DA:2356,0
DA:2357,0
DA:2360,21
DA:2361,21
DA:2362,21
DA:2363,2
DA:2364,2
DA:2366,19
DA:2367,19
DA:2368,19
DA:2369,21
DA:2371,19
DA:2373,19
DA:2375,19
DA:2376,19
DA:2377,0
DA:2378,0
DA:2381,19
DA:2385,19
DA:2386,19
DA:2387,19
DA:2388,0
DA:2389,0
DA:2391,19
DA:2392,19
DA:2395,19
DA:2398,19
DA:2400,0
DA:2401,0
DA:2404,19
DA:2405,1
DA:2406,1
DA:2409,18
DA:2410,18
DA:2411,18
DA:2412,18
DA:2413,18
DA:2414,0
DA:2415,0
DA:2418,18
DA:2420,18
DA:2421,18
DA:2422,19
DA:2425,8
DA:2427,8
DA:2428,0
DA:2429,0
DA:2430,0
DA:2433,8
DA:2434,8
DA:2435,1
DA:2436,1
DA:2438,7
DA:2439,7
DA:2440,7
DA:2441,8
DA:2444,7
DA:2448,7
DA:2449,7
DA:2450,7
DA:2451,7
DA:2452,7
DA:2455,150
DA:2457,150
DA:2459,150
DA:2460,1
DA:2461,1
DA:2463,149
DA:2464,148
DA:2465,148
DA:2466,149
DA:2467,149
DA:2468,149
DA:2469,149
DA:2471,149
DA:2472,149
DA:2476,31
DA:2477,31
DA:2478,31
DA:2479,31
DA:2480,31
DA:2481,31
DA:2482,149
DA:2483,150
DA:2486,49
DA:2488,49
DA:2489,21
DA:2490,21
DA:2492,28
DA:2493,28
DA:2494,28
DA:2495,49
DA:2498,377
DA:2499,377
DA:2500,377
DA:2501,377
DA:2502,377
DA:2505,40
DA:2507,40
DA:2508,40
DA:2509,40
DA:2510,40
DA:2512,40
DA:2513,40
DA:2515,40
DA:2516,80
DA:2517,40
DA:2519,40
DA:2520,24
DA:2521,24
DA:2522,24
DA:2525,24
DA:2526,24
DA:2527,24
DA:2528,24
DA:2529,40
DA:2530,40
DA:2531,40
DA:2534,189
DA:2536,189
DA:2537,189
DA:2538,189
DA:2539,189
DA:2542,9
DA:2544,9
DA:2548,6
DA:2550,6
DA:2551,6
DA:2553,4
DA:2555,4
DA:2558,167
DA:2560,167
DA:2561,167
DA:2562,167
DA:2563,167
DA:2564,167
DA:2565,167
DA:2566,167
DA:2567,167
DA:2568,1
DA:2569,1
DA:2571,166
DA:2572,167
DA:2574,59488
DA:2576,59488
DA:2577,59488
DA:2578,4
DA:2579,4
DA:2580,59488
DA:2582,59488
DA:2584,59488
DA:2585,59488
DA:2586,59488
DA:2588,122
DA:2589,61
DA:2590,61
DA:2591,61
DA:2592,61
DA:2593,61
DA:2594,61
DA:2595,61
DA:2596,61
DA:2597,61
DA:2598,122
DA:2599,3965
DA:2600,3904
DA:2601,3904
DA:2602,3904
DA:2603,366
DA:2604,305
DA:2605,305
DA:2606,304
DA:2607,304
DA:2608,304
DA:2609,304
DA:2610,305
DA:2611,61
DA:2612,61
DA:2613,61
DA:2614,61
DA:2615,122
DA:2618,0
DA:2621,0
DA:2623,0
DA:2624,0
DA:2625,0
DA:2627,0
DA:2629,0
DA:2630,0
DA:2631,0
DA:2632,0
DA:2633,0
DA:2634,0
DA:2636,0
DA:2637,0
DA:2640,34903
DA:2642,34903
DA:2643,34530
DA:2644,34530
DA:2646,373
DA:2647,373
DA:2648,373
DA:2650,34903
DA:2653,7641
DA:2655,7641
DA:2656,7529
DA:2657,7529
DA:2659,112
DA:2660,112
DA:2661,112
DA:2663,7641
DA:2666,4033
DA:2668,18349
DA:2669,14316
DA:2670,14316
DA:2671,4033
DA:2674,2953
DA:2677,2953
DA:2679,2953
DA:2680,2948
DA:2681,94300
DA:2682,91352
DA:2684,91352
DA:2688,18740
DA:2689,27
DA:2690,12
DA:2691,12
DA:2692,12
DA:2693,12
DA:2695,15
DA:2696,43
DA:2697,43
DA:2698,15
DA:2699,15
DA:2700,15
DA:2701,15
DA:2702,15
DA:2704,28
DA:2705,15
DA:2707,0
DA:2708,0
DA:2709,15
DA:2710,15
DA:2711,18740
DA:2712,91352
DA:2713,91352
DA:2717,2948
DA:2718,2945
DA:2719,2945
DA:2720,2945
DA:2721,2945
DA:2722,2948
DA:2724,5
DA:2726,2953
DA:2729,5
DA:2731,5
DA:2733,5
DA:2734,5
DA:2735,5
DA:2736,0
DA:2737,0
DA:2738,5
DA:2740,3532
DA:2742,3532
DA:2744,3532
DA:2745,40
DA:2748,3492
DA:2749,51
DA:2750,3492
DA:2751,3438
DA:2752,3438
DA:2753,3438
DA:2755,3492
DA:2756,3532
DA:2758,3492
DA:2760,3492
DA:2761,3492
DA:2763,3492
DA:2764,3492
DA:2766,3492
DA:2767,3492
DA:2768,3492
DA:2771,65
DA:2773,65
DA:2774,65
DA:2775,65
DA:2776,65
DA:2777,65
DA:2778,65
DA:2779,65
DA:2782,1
DA:2785,1
DA:2786,1
DA:2787,1
DA:2790,1
DA:2793,1
DA:2794,1
DA:2795,1
DA:2798,1
DA:2801,1
DA:2802,1
DA:2803,1
DA:2806,1
DA:2809,1
DA:2810,1
DA:2811,1
DA:2814,1
DA:2817,1
DA:2818,1
DA:2819,1
DA:2822,1
DA:2825,1
DA:2826,1
DA:2827,1
DA:2830,3492
DA:2832,3492
DA:2833,3492
DA:2835,3492
DA:2836,51
DA:2837,51
DA:2839,3441
DA:2840,544
DA:2841,544
DA:2842,544
DA:2843,3441
DA:2844,3441
DA:2845,3441
DA:2848,3492
DA:2849,2887
DA:2850,2887
DA:2851,3492
DA:2852,49
DA:2853,49
DA:2854,3492
DA:2855,3492
DA:2858,6422
DA:2860,6422
DA:2861,2981
DA:2863,3441
DA:2864,3441
DA:2865,6422
DA:2868,2890
DA:2870,2890
DA:2872,2890
DA:2873,2890
DA:2874,2
DA:2875,2
DA:2876,2
DA:2877,2
DA:2879,2888
DA:2881,2890
DA:2884,1
DA:2887,1
DA:2888,1
DA:2889,1
DA:2892,1
DA:2895,1
DA:2896,1
DA:2897,1
DA:2900,1
DA:2903,1
DA:2904,1
DA:2905,1
DA:2908,1
DA:2911,1
DA:2912,1
DA:2913,1
DA:2916,1
DA:2919,1
DA:2920,1
DA:2921,1
DA:2924,0
DA:2927,0
DA:2928,0
DA:2929,0
DA:2932,0
DA:2935,0
DA:2936,0
DA:2937,0
DA:2940,17
DA:2942,17
DA:2944,17
DA:2945,17
DA:2946,17
DA:2947,17
DA:2950,14
DA:2952,14
DA:2954,14
DA:2955,14
DA:2956,14
DA:2957,14
DA:2960,9
DA:2962,9
DA:2964,9
DA:2965,9
DA:2966,9
DA:2967,9
DA:2970,53
DA:2972,53
DA:2973,53
DA:2974,5
DA:2975,5
DA:2976,53
DA:2980,3481
DA:2982,3481
DA:2983,3481
DA:2984,3480
DA:2985,3480
DA:2986,3481
DA:2987,3481
DA:2988,3538
DA:2989,57
DA:2990,57
DA:2992,3481
DA:2996,3481
DA:2998,3481
DA:2999,3481
DA:3003,2882
DA:3005,2882
DA:3006,2882
DA:3010,16
DA:3012,16
DA:3013,16
DA:3016,13
DA:3018,13
DA:3019,13
DA:3023,9
DA:3025,9
DA:3026,9
LF:1752
LH:1607
end_of_record
